<?xml version="1.0" encoding="UTF-8"?>
<!-- Generated by org.testng.reporters.JUnitXMLReporter -->
<testsuite ignored="0" hostname="DESKTOP-6RGBUKB" failures="2" tests="3" name="Test" time="3.459" errors="0" timestamp="2023-08-29T12:49:17 IST">
  <testcase classname="RestAPI.DataDrivenExamples" name="delete" time="0.0">
    <failure type="org.testng.TestNGException" message="
Cannot inject @Test annotated Method [delete] with [int].
For more information on native dependency injection please refer to https://testng.org/doc/documentation-main.html#native-dependency-injection">
      <![CDATA[org.testng.TestNGException: 
Cannot inject @Test annotated Method [delete] with [int].
For more information on native dependency injection please refer to https://testng.org/doc/documentation-main.html#native-dependency-injection
at java.base/java.util.ArrayList.forEach(ArrayList.java:1511)
... Removed 26 stack frames]]>
    </failure>
  </testcase> <!-- delete -->
  <testcase classname="RestAPI.DataDrivenExamples" name="deleteParam" time="3.335"/>
  <testcase classname="RestAPI.DataDrivenExamples" name="test_1_post" time="0.0">
    <failure type="org.testng.TestNGException" message="
Cannot inject @Test annotated Method [test_1_post] with [int, class java.lang.String, class java.lang.String, int].
For more information on native dependency injection please refer to https://testng.org/doc/documentation-main.html#native-dependency-injection">
      <![CDATA[org.testng.TestNGException: 
Cannot inject @Test annotated Method [test_1_post] with [int, class java.lang.String, class java.lang.String, int].
For more information on native dependency injection please refer to https://testng.org/doc/documentation-main.html#native-dependency-injection
at java.base/java.util.ArrayList.forEach(ArrayList.java:1511)
... Removed 26 stack frames]]>
    </failure>
  </testcase> <!-- test_1_post -->
</testsuite> <!-- Test -->
